<?xml version="1.0" encoding="UTF-8"?>
<!-- Generated by org.testng.reporters.JUnitReportReporter -->
<testsuite skipped="0" hostname="DESKTOP-9VN76KV" name="qaclickacademy.SeleniumTest" tests="2" failures="0" timestamp="2020-06-22T12:04:16 IST" time="0.004" errors="0">
  <testcase name="webautomation" time="0.002" classname="qaclickacademy.SeleniumTest"/>
  <system-out/>
  <testcase name="webapi" time="0.002" classname="qaclickacademy.SeleniumTest"/>
  <system-out/>
</testsuite> <!-- qaclickacademy.SeleniumTest -->
