<?xml version="1.0" encoding="UTF-8"?>
<!-- Generated by org.testng.reporters.JUnitReportReporter -->
<testsuite skipped="0" hostname="DESKTOP-9VN76KV" name="qaclickacademy.AppiumTest" tests="2" failures="0" timestamp="2020-06-22T12:07:58 IST" time="0.038" errors="0">
  <testcase name="mobileapi" time="0.035" classname="qaclickacademy.AppiumTest"/>
  <system-out/>
  <testcase name="mobileautomation" time="0.003" classname="qaclickacademy.AppiumTest"/>
  <system-out/>
</testsuite> <!-- qaclickacademy.AppiumTest -->
