<?xml version="1.0" encoding="UTF-8"?>
<!-- Generated by org.testng.reporters.JUnitReportReporter -->
<testsuite skipped="0" hostname="DESKTOP-9VN76KV" name="qaclickacademy.RESTAPITest" tests="2" failures="0" timestamp="2020-06-22T12:39:24 IST" time="0.000" errors="0">
  <testcase name="postjira" time="0.000" classname="qaclickacademy.RESTAPITest"/>
  <system-out/>
  <testcase name="deletetwitter" time="0.000" classname="qaclickacademy.RESTAPITest"/>
  <system-out/>
</testsuite> <!-- qaclickacademy.RESTAPITest -->
